Macros_Test_2.scala:2: error: macro body has wrong shape:
 required: macro [<implementation object>].<method name>[[<type args>]]
  def foo1(x: Any) = macro 2
      ^
Macros_Test_2.scala:3: error: macro body has wrong shape:
 required: macro [<implementation object>].<method name>[[<type args>]]
  def foo2(x: Any) = macro Impls.foo(null)(null)
      ^
Macros_Test_2.scala:4: warning: a pure expression does nothing in statement position; you may be omitting necessary parentheses
  def foo3(x: Any) = macro {2; Impls.foo}
                            ^
Macros_Test_2.scala:4: error: missing arguments for method foo in object Impls;
follow this method with `_' if you want to treat it as a partially applied function
  def foo3(x: Any) = macro {2; Impls.foo}
                                     ^
Macros_Test_2.scala:4: warning: a pure expression does nothing in statement position; you may be omitting necessary parentheses
  def foo3(x: Any) = macro {2; Impls.foo}
                            ^
one warning found
three errors found
