names-defaults-neg-pu.scala:7: error: type mismatch;
 found   : String("#")
 required: Int
  test1(b = 2, a = "#")
                   ^
names-defaults-neg-pu.scala:7: error: type mismatch;
 found   : Int(2)
 required: String
  test1(b = 2, a = "#")
            ^
names-defaults-neg-pu.scala:10: error: positional after named argument.
  test1(b = "(*", 23)
                  ^
names-defaults-neg-pu.scala:15: warning: a pure expression does nothing in statement position
  test2(x = 1)
            ^
names-defaults-neg-pu.scala:16: error: unknown parameter name: y
  test2(y = 1)
          ^
names-defaults-neg-pu.scala:17: error: unknown parameter name: c
  test1(c = 0, b = "joke")
          ^
names-defaults-neg-pu.scala:18: error: not found: value m
  test7((m = 1))  // named arguments must be top-level assignments
         ^
names-defaults-neg-pu.scala:19: error: not found: value m
  test7({m = 1})
         ^
names-defaults-neg-pu.scala:20: error: not found: value m
  test7 { m = 1 } // no named arguments in argument block
          ^
names-defaults-neg-pu.scala:24: error: parameter 'a' is already specified at parameter position 1
  test1(1, a = 2)
             ^
names-defaults-neg-pu.scala:25: error: parameter 'b' is already specified at parameter position 1
  test1(b = 1, b = "2")
                 ^
names-defaults-neg-pu.scala:28: error: Int does not take parameters
  test3(b = 3, a = 1)(3)
                     ^
names-defaults-neg-pu.scala:37: error: ambiguous reference to overloaded definition,
both method f in object t1 of type (b: String, a: Int)String
and  method f in object t1 of type (a: Int, b: String)String
match argument types (b: String,a: Int)
  t1.f(b = "dkljf", a = 1)
     ^
names-defaults-neg-pu.scala:44: error: ambiguous reference to overloaded definition,
both method f in object t3 of type (a2: Int)(b: Int)String
and  method f in object t3 of type (a1: Int)String
match argument types (Int)
  t3.f(1)
     ^
names-defaults-neg-pu.scala:45: error: ambiguous reference to overloaded definition,
both method f in object t3 of type (a2: Int)(b: Int)String
and  method f in object t3 of type (a1: Int)String
match argument types (Int)
  t3.f(1)(2)
     ^
names-defaults-neg-pu.scala:51: error: ambiguous reference to overloaded definition,
both method g in object t7 of type (a: B)String
and  method g in object t7 of type (a: C, b: Int*)String
match argument types (C)
  t7.g(new C()) // ambiguous reference
     ^
names-defaults-neg-pu.scala:55: error: parameter 'b' is already specified at parameter position 2
  test5(a = 1, b = "dkjl", b = "dkj")
                             ^
names-defaults-neg-pu.scala:56: error: parameter 'b' is already specified at parameter position 2
  test5(1, "2", b = 3)
                  ^
names-defaults-neg-pu.scala:57: error: when using named arguments, the vararg parameter has to be specified exactly once
  test5(b = "dlkj")
       ^
names-defaults-neg-pu.scala:63: error: ambiguous reference to overloaded definition,
both method f in object t8 of type (b: String, a: Int)String
and  method f in object t8 of type (a: Int, b: Object)String
match argument types (a: Int,b: String) and expected result type Any
  println(t8.f(a = 0, b = "1")) // ambiguous reference
             ^
names-defaults-neg-pu.scala:67: error: not enough arguments for method apply: (a: Int, b: String)(c: Int*)Fact in object Fact.
Unspecified value parameter b.
  val fac = Fact(1)(2, 3)
                ^
names-defaults-neg-pu.scala:71: error: wrong number of arguments for pattern A1(x: Int, y: String)
  A1() match { case A1(_) => () }
                      ^
names-defaults-neg-pu.scala:78: error: no type parameters for method test4: (x: T[T[List[T[X forSome { type X }]]]])T[T[List[T[X forSome { type X }]]]] exist so that it can be applied to arguments (List[Int])
 --- because ---
argument expression's type is not compatible with formal parameter type;
 found   : List[Int]
 required: ?T[?T[List[?T[X forSome { type X }]]]]
Error occurred in an application involving default arguments.
  test4()
  ^
names-defaults-neg-pu.scala:81: error: type mismatch;
 found   : List[Int]
 required: List[List[?]]
  def test6[T](x: List[List[T]] = List(1,2)) = x
                                      ^
names-defaults-neg-pu.scala:84: error: type mismatch;
 found   : 1
 required: String
Error occurred in an application involving default arguments.
  new A2[String]()
  ^
names-defaults-neg-pu.scala:88: error: module extending its companion class cannot use default constructor arguments
    object C extends C()
                     ^
names-defaults-neg-pu.scala:92: error: deprecated parameter name x has to be distinct from any other parameter name (deprecated or not).
  def deprNam1(x: Int, @deprecatedName("x") y: String) = 0
                                            ^
names-defaults-neg-pu.scala:93: error: deprecated parameter name a has to be distinct from any other parameter name (deprecated or not).
  def deprNam2(a: String)(@deprecatedName("a") b: Int) = 1
                                               ^
names-defaults-neg-pu.scala:95: warning: the parameter name y is deprecated: use b instead
  deprNam3(y = 10, b = 2)
             ^
names-defaults-neg-pu.scala:95: error: parameter 'b' is already specified at parameter position 1
  deprNam3(y = 10, b = 2)
                     ^
names-defaults-neg-pu.scala:98: warning: naming parameter deprNam4Arg is deprecated.
  deprNam4(deprNam4Arg = null)
                       ^
names-defaults-neg-pu.scala:100: warning: naming parameter deprNam5Arg is deprecated.
  deprNam5(deprNam5Arg = null)
                       ^
names-defaults-neg-pu.scala:104: error: unknown parameter name: m
  f3818(y = 1, m = 1)
                 ^
names-defaults-neg-pu.scala:137: warning: a pure expression does nothing in statement position
  delay(var2 = 40)
               ^
names-defaults-neg-pu.scala:140: error: missing parameter type for expanded function ((<x$1: error>) => a = x$1)
  val taf2: Int => Unit = testAnnFun(a = _, b = get("+"))
                                         ^
names-defaults-neg-pu.scala:140: error: not found: value get
  val taf2: Int => Unit = testAnnFun(a = _, b = get("+"))
                                                ^
names-defaults-neg-pu.scala:141: error: parameter 'a' is already specified at parameter position 1
  val taf3 = testAnnFun(b = _: String, a = get(8))
                                         ^
names-defaults-neg-pu.scala:142: error: missing parameter type for expanded function ((<x$4: error>) => b = x$4)
  val taf4: (Int, String) => Unit = testAnnFun(_, b = _)
                                                      ^
5 warnings found
33 errors found
