patmat-seq-neg.scala:18: error: error during expansion of this match (this is a scalac bug).
The underlying error was: value toSeq is not a member of Array[Int]
  def t4: Any = 2 match {
                  ^
patmat-seq-neg.scala:24: error: error during expansion of this match (this is a scalac bug).
The underlying error was: value drop is not a member of Array[Int]
  def t6: Any = 2 match {
                  ^
two errors found
